{"name": "test2_check_show_password", "status": "failed", "statusDetails": {"message": "AssertionError: assert 'Jot159753?' == 'Joytest159753?'\n  - Joytest159753?\n  ?   ----\n  + Jot159753?", "trace": "self = <test_login_page_functions.TestCheckFunctions testMethod=test2_check_show_password>\n\n    @allure.story(\"check show/hide password\")\n    def test2_check_show_password(self) -> None:\n        do.input_email(test_account)\n        do.tap_next()\n        do.input_password(test_account.password)\n        do.tap_show_password()\n>       assert get_element_by_xpath(self.driver, password_after_input).get_attribute('value') == test_account.password\nE       AssertionError: assert 'Jot159753?' == 'Joytest159753?'\nE         - Joytest159753?\nE         ?   ----\nE         + Jot159753?\n\ntestcase/login_logout/test_login_page_functions.py:39: AssertionError"}, "start": 1690963609897, "stop": 1690963626094, "uuid": "5a361821-ac1e-4c9d-9d1b-0505533f4cc8", "historyId": "791579aff529e72e316ec903ea851721", "testCaseId": "791579aff529e72e316ec903ea851721", "fullName": "testcase.login_logout.test_login_page_functions.TestCheckFunctions#test2_check_show_password", "labels": [{"name": "feature", "value": "Login page's functions"}, {"name": "story", "value": "check show/hide password"}, {"name": "severity", "value": "critical"}, {"name": "parentSuite", "value": "testcase.login_logout"}, {"name": "suite", "value": "test_login_page_functions"}, {"name": "subSuite", "value": "TestCheckFunctions"}, {"name": "host", "value": "Joys-MacBook-Pro.local"}, {"name": "thread", "value": "28553-MainThread"}, {"name": "framework", "value": "pytest"}, {"name": "language", "value": "cpython3"}, {"name": "package", "value": "testcase.login_logout.test_login_page_functions"}]}